Determining if the pthread_create exist failed with the following output:
Change Dir: /home/shuta/git/2015-soft3/2015-soft3/20151021/build/CMakeFiles/CMakeTmp

Run Build Command:/usr/bin/make "cmTryCompileExec714706475/fast"
/usr/bin/make -f CMakeFiles/cmTryCompileExec714706475.dir/build.make CMakeFiles/cmTryCompileExec714706475.dir/build
make[1]: ディレクトリ `/home/shuta/git/2015-soft3/2015-soft3/20151021/build/CMakeFiles/CMakeTmp' に入ります
/usr/bin/cmake -E cmake_progress_report /home/shuta/git/2015-soft3/2015-soft3/20151021/build/CMakeFiles/CMakeTmp/CMakeFiles 1
Building C object CMakeFiles/cmTryCompileExec714706475.dir/CheckSymbolExists.c.o
/usr/bin/cc    -o CMakeFiles/cmTryCompileExec714706475.dir/CheckSymbolExists.c.o   -c /home/shuta/git/2015-soft3/2015-soft3/20151021/build/CMakeFiles/CMakeTmp/CheckSymbolExists.c
Linking C executable cmTryCompileExec714706475
/usr/bin/cmake -E cmake_link_script CMakeFiles/cmTryCompileExec714706475.dir/link.txt --verbose=1
/usr/bin/cc       CMakeFiles/cmTryCompileExec714706475.dir/CheckSymbolExists.c.o  -o cmTryCompileExec714706475 -rdynamic 
CMakeFiles/cmTryCompileExec714706475.dir/CheckSymbolExists.c.o: 関数 `main' 内:
CheckSymbolExists.c:(.text+0x16): `pthread_create' に対する定義されていない参照です
collect2: error: ld returned 1 exit status
make[1]: ディレクトリ `/home/shuta/git/2015-soft3/2015-soft3/20151021/build/CMakeFiles/CMakeTmp' から出ます
make[1]: *** [cmTryCompileExec714706475] エラー 1
make: *** [cmTryCompileExec714706475/fast] エラー 2

File /home/shuta/git/2015-soft3/2015-soft3/20151021/build/CMakeFiles/CMakeTmp/CheckSymbolExists.c:
/* */
#include <pthread.h>

int main(int argc, char** argv)
{
  (void)argv;
#ifndef pthread_create
  return ((int*)(&pthread_create))[argc];
#else
  (void)argc;
  return 0;
#endif
}

Determining if the function pthread_create exists in the pthreads failed with the following output:
Change Dir: /home/shuta/git/2015-soft3/2015-soft3/20151021/build/CMakeFiles/CMakeTmp

Run Build Command:/usr/bin/make "cmTryCompileExec3279711057/fast"
/usr/bin/make -f CMakeFiles/cmTryCompileExec3279711057.dir/build.make CMakeFiles/cmTryCompileExec3279711057.dir/build
make[1]: ディレクトリ `/home/shuta/git/2015-soft3/2015-soft3/20151021/build/CMakeFiles/CMakeTmp' に入ります
/usr/bin/cmake -E cmake_progress_report /home/shuta/git/2015-soft3/2015-soft3/20151021/build/CMakeFiles/CMakeTmp/CMakeFiles 1
Building C object CMakeFiles/cmTryCompileExec3279711057.dir/CheckFunctionExists.c.o
/usr/bin/cc   -DCHECK_FUNCTION_EXISTS=pthread_create   -o CMakeFiles/cmTryCompileExec3279711057.dir/CheckFunctionExists.c.o   -c /usr/share/cmake-2.8/Modules/CheckFunctionExists.c
Linking C executable cmTryCompileExec3279711057
/usr/bin/cmake -E cmake_link_script CMakeFiles/cmTryCompileExec3279711057.dir/link.txt --verbose=1
/usr/bin/cc   -DCHECK_FUNCTION_EXISTS=pthread_create    CMakeFiles/cmTryCompileExec3279711057.dir/CheckFunctionExists.c.o  -o cmTryCompileExec3279711057 -rdynamic -lpthreads 
/usr/bin/ld: -lpthreads が見つかりません
make[1]: ディレクトリ `/home/shuta/git/2015-soft3/2015-soft3/20151021/build/CMakeFiles/CMakeTmp' から出ます
collect2: error: ld returned 1 exit status
make[1]: *** [cmTryCompileExec3279711057] エラー 1
make: *** [cmTryCompileExec3279711057/fast] エラー 2


